# JRE version: OpenJDK Runtime Environment Temurin-17.0.8.1+1 (17.0.8.1+1) (build 17.0.8.1+1)
# Java VM: OpenJDK 64-Bit Server VM Temurin-17.0.8.1+1 (17.0.8.1+1, mixed mode, emulated-client, tiered, compressed oops, compressed class ptrs, g1 gc, windows-amd64)
GC Precious Log:
 CPUs: 8 total, 8 available
 Memory: 8054M
 Large Page Support: Disabled
 NUMA Support: Disabled
 Compressed Oops: Enabled (32-bit)
 Heap Region Size: 1M
 Heap Min Capacity: 8M
 Heap Initial Capacity: 126M
 Heap Max Capacity: 1G
 Pre-touch: Disabled
 Parallel Workers: 8
 Concurrent Workers: 2
 Concurrent Refinement Workers: 8
 Periodic GC: Disabled
Heap:
 garbage-first heap   total 75776K, used 28317K [0x00000000c0000000, 0x0000000100000000)
  region size 1024K, 1 young (1024K), 0 survivors (0K)
 Metaspace       used 57017K, committed 57728K, reserved 1114112K
  class space    used 7026K, committed 7296K, reserved 1048576K
GC Heap History (20 events):
Event: 498.399 GC heap before
{Heap before GC invocations=46 (full 31):
 garbage-first heap   total 75776K, used 28346K [0x00000000c0000000, 0x0000000100000000)
  region size 1024K, 1 young (1024K), 0 survivors (0K)
 Metaspace       used 57017K, committed 57728K, reserved 1114112K
  class space    used 7026K, committed 7296K, reserved 1048576K
}
Event: 498.439 GC heap after
{Heap after GC invocations=47 (full 32):
 garbage-first heap   total 75776K, used 28346K [0x00000000c0000000, 0x0000000100000000)
  region size 1024K, 0 young (0K), 0 survivors (0K)
 Metaspace       used 57017K, committed 57728K, reserved 1114112K
  class space    used 7026K, committed 7296K, reserved 1048576K
}
Event: 508.734 GC heap before
{Heap before GC invocations=47 (full 32):
 garbage-first heap   total 75776K, used 28346K [0x00000000c0000000, 0x0000000100000000)
  region size 1024K, 1 young (1024K), 0 survivors (0K)
 Metaspace       used 57017K, committed 57728K, reserved 1114112K
  class space    used 7026K, committed 7296K, reserved 1048576K
}
Event: 508.783 GC heap after
{Heap after GC invocations=48 (full 33):
 garbage-first heap   total 75776K, used 28346K [0x00000000c0000000, 0x0000000100000000)
  region size 1024K, 0 young (0K), 0 survivors (0K)
 Metaspace       used 57017K, committed 57728K, reserved 1114112K
  class space    used 7026K, committed 7296K, reserved 1048576K
}
Event: 519.090 GC heap before
{Heap before GC invocations=48 (full 33):
 garbage-first heap   total 75776K, used 28346K [0x00000000c0000000, 0x0000000100000000)
  region size 1024K, 1 young (1024K), 0 survivors (0K)
 Metaspace       used 57017K, committed 57728K, reserved 1114112K
  class space    used 7026K, committed 7296K, reserved 1048576K
}
Event: 519.131 GC heap after
{Heap after GC invocations=49 (full 34):
 garbage-first heap   total 75776K, used 28346K [0x00000000c0000000, 0x0000000100000000)
  region size 1024K, 0 young (0K), 0 survivors (0K)
 Metaspace       used 57017K, committed 57728K, reserved 1114112K
  class space    used 7026K, committed 7296K, reserved 1048576K
}
Event: 529.364 GC heap before
{Heap before GC invocations=49 (full 34):
 garbage-first heap   total 75776K, used 28346K [0x00000000c0000000, 0x0000000100000000)
  region size 1024K, 1 young (1024K), 0 survivors (0K)
 Metaspace       used 57017K, committed 57728K, reserved 1114112K
  class space    used 7026K, committed 7296K, reserved 1048576K
}
Event: 529.395 GC heap after
{Heap after GC invocations=50 (full 35):
 garbage-first heap   total 75776K, used 28346K [0x00000000c0000000, 0x0000000100000000)
  region size 1024K, 0 young (0K), 0 survivors (0K)
 Metaspace       used 57017K, committed 57728K, reserved 1114112K
  class space    used 7026K, committed 7296K, reserved 1048576K
}
Event: 569.701 GC heap before
{Heap before GC invocations=50 (full 35):
 garbage-first heap   total 75776K, used 31418K [0x00000000c0000000, 0x0000000100000000)
  region size 1024K, 4 young (4096K), 0 survivors (0K)
 Metaspace       used 57017K, committed 57728K, reserved 1114112K
  class space    used 7026K, committed 7296K, reserved 1048576K
}
Event: 569.728 GC heap after
{Heap after GC invocations=51 (full 36):
 garbage-first heap   total 75776K, used 28325K [0x00000000c0000000, 0x0000000100000000)
  region size 1024K, 0 young (0K), 0 survivors (0K)
 Metaspace       used 57017K, committed 57728K, reserved 1114112K
  class space    used 7026K, committed 7296K, reserved 1048576K
}
Event: 579.925 GC heap before
{Heap before GC invocations=51 (full 36):
 garbage-first heap   total 75776K, used 28325K [0x00000000c0000000, 0x0000000100000000)
  region size 1024K, 1 young (1024K), 0 survivors (0K)
 Metaspace       used 57017K, committed 57728K, reserved 1114112K
  class space    used 7026K, committed 7296K, reserved 1048576K
}
Event: 579.950 GC heap after
{Heap after GC invocations=52 (full 37):
 garbage-first heap   total 75776K, used 28325K [0x00000000c0000000, 0x0000000100000000)
  region size 1024K, 0 young (0K), 0 survivors (0K)
 Metaspace       used 57017K, committed 57728K, reserved 1114112K
  class space    used 7026K, committed 7296K, reserved 1048576K
}
Event: 590.218 GC heap before
{Heap before GC invocations=52 (full 37):
 garbage-first heap   total 75776K, used 28325K [0x00000000c0000000, 0x0000000100000000)
  region size 1024K, 1 young (1024K), 0 survivors (0K)
 Metaspace       used 57017K, committed 57728K, reserved 1114112K
  class space    used 7026K, committed 7296K, reserved 1048576K
}
Event: 590.242 GC heap after
{Heap after GC invocations=53 (full 38):
 garbage-first heap   total 75776K, used 28320K [0x00000000c0000000, 0x0000000100000000)
  region size 1024K, 0 young (0K), 0 survivors (0K)
 Metaspace       used 57017K, committed 57728K, reserved 1114112K
  class space    used 7026K, committed 7296K, reserved 1048576K
}
Event: 600.518 GC heap before
{Heap before GC invocations=53 (full 38):
 garbage-first heap   total 75776K, used 28320K [0x00000000c0000000, 0x0000000100000000)
  region size 1024K, 1 young (1024K), 0 survivors (0K)
 Metaspace       used 57017K, committed 57728K, reserved 1114112K
  class space    used 7026K, committed 7296K, reserved 1048576K
}
Event: 600.549 GC heap after
{Heap after GC invocations=54 (full 39):
 garbage-first heap   total 75776K, used 28317K [0x00000000c0000000, 0x0000000100000000)
  region size 1024K, 0 young (0K), 0 survivors (0K)
 Metaspace       used 57017K, committed 57728K, reserved 1114112K
  class space    used 7026K, committed 7296K, reserved 1048576K
}
Event: 610.796 GC heap before
{Heap before GC invocations=54 (full 39):
 garbage-first heap   total 75776K, used 28317K [0x00000000c0000000, 0x0000000100000000)
  region size 1024K, 1 young (1024K), 0 survivors (0K)
 Metaspace       used 57017K, committed 57728K, reserved 1114112K
  class space    used 7026K, committed 7296K, reserved 1048576K
}
Event: 610.823 GC heap after
{Heap after GC invocations=55 (full 40):
 garbage-first heap   total 75776K, used 28317K [0x00000000c0000000, 0x0000000100000000)
  region size 1024K, 0 young (0K), 0 survivors (0K)
 Metaspace       used 57017K, committed 57728K, reserved 1114112K
  class space    used 7026K, committed 7296K, reserved 1048576K
}
Event: 621.081 GC heap before
{Heap before GC invocations=55 (full 40):
 garbage-first heap   total 75776K, used 28317K [0x00000000c0000000, 0x0000000100000000)
  region size 1024K, 1 young (1024K), 0 survivors (0K)
 Metaspace       used 57017K, committed 57728K, reserved 1114112K
  class space    used 7026K, committed 7296K, reserved 1048576K
}
Event: 621.104 GC heap after
{Heap after GC invocations=56 (full 41):
 garbage-first heap   total 75776K, used 28317K [0x00000000c0000000, 0x0000000100000000)
  region size 1024K, 0 young (0K), 0 survivors (0K)
 Metaspace       used 57017K, committed 57728K, reserved 1114112K
  class space    used 7026K, committed 7296K, reserved 1048576K
}

