# JRE version: OpenJDK Runtime Environment Temurin-17.0.8.1+1 (17.0.8.1+1) (build 17.0.8.1+1)
# Java VM: OpenJDK 64-Bit Server VM Temurin-17.0.8.1+1 (17.0.8.1+1, mixed mode, emulated-client, tiered, compressed oops, compressed class ptrs, g1 gc, windows-amd64)
GC Precious Log:
 CPUs: 8 total, 8 available
 Memory: 8054M
 Large Page Support: Disabled
 NUMA Support: Disabled
 Compressed Oops: Enabled (32-bit)
 Heap Region Size: 1M
 Heap Min Capacity: 8M
 Heap Initial Capacity: 126M
 Heap Max Capacity: 1G
 Pre-touch: Disabled
 Parallel Workers: 8
 Concurrent Workers: 2
 Concurrent Refinement Workers: 8
 Periodic GC: Disabled
Heap:
 garbage-first heap   total 70656K, used 29281K [0x00000000c0000000, 0x0000000100000000)
  region size 1024K, 1 young (1024K), 0 survivors (0K)
 Metaspace       used 59944K, committed 60352K, reserved 1114112K
  class space    used 7488K, committed 7680K, reserved 1048576K
GC Heap History (20 events):
Event: 43272.857 GC heap before
{Heap before GC invocations=3819 (full 3626):
 garbage-first heap   total 70656K, used 29281K [0x00000000c0000000, 0x0000000100000000)
  region size 1024K, 1 young (1024K), 0 survivors (0K)
 Metaspace       used 59944K, committed 60352K, reserved 1114112K
  class space    used 7488K, committed 7680K, reserved 1048576K
}
Event: 43272.890 GC heap after
{Heap after GC invocations=3820 (full 3627):
 garbage-first heap   total 70656K, used 29281K [0x00000000c0000000, 0x0000000100000000)
  region size 1024K, 0 young (0K), 0 survivors (0K)
 Metaspace       used 59944K, committed 60352K, reserved 1114112K
  class space    used 7488K, committed 7680K, reserved 1048576K
}
Event: 43283.082 GC heap before
{Heap before GC invocations=3820 (full 3627):
 garbage-first heap   total 70656K, used 29281K [0x00000000c0000000, 0x0000000100000000)
  region size 1024K, 1 young (1024K), 0 survivors (0K)
 Metaspace       used 59944K, committed 60352K, reserved 1114112K
  class space    used 7488K, committed 7680K, reserved 1048576K
}
Event: 43283.116 GC heap after
{Heap after GC invocations=3821 (full 3628):
 garbage-first heap   total 70656K, used 29281K [0x00000000c0000000, 0x0000000100000000)
  region size 1024K, 0 young (0K), 0 survivors (0K)
 Metaspace       used 59944K, committed 60352K, reserved 1114112K
  class space    used 7488K, committed 7680K, reserved 1048576K
}
Event: 43293.314 GC heap before
{Heap before GC invocations=3821 (full 3628):
 garbage-first heap   total 70656K, used 29281K [0x00000000c0000000, 0x0000000100000000)
  region size 1024K, 1 young (1024K), 0 survivors (0K)
 Metaspace       used 59944K, committed 60352K, reserved 1114112K
  class space    used 7488K, committed 7680K, reserved 1048576K
}
Event: 43293.348 GC heap after
{Heap after GC invocations=3822 (full 3629):
 garbage-first heap   total 70656K, used 29281K [0x00000000c0000000, 0x0000000100000000)
  region size 1024K, 0 young (0K), 0 survivors (0K)
 Metaspace       used 59944K, committed 60352K, reserved 1114112K
  class space    used 7488K, committed 7680K, reserved 1048576K
}
Event: 43303.554 GC heap before
{Heap before GC invocations=3822 (full 3629):
 garbage-first heap   total 70656K, used 29281K [0x00000000c0000000, 0x0000000100000000)
  region size 1024K, 1 young (1024K), 0 survivors (0K)
 Metaspace       used 59944K, committed 60352K, reserved 1114112K
  class space    used 7488K, committed 7680K, reserved 1048576K
}
Event: 43303.594 GC heap after
{Heap after GC invocations=3823 (full 3630):
 garbage-first heap   total 70656K, used 29281K [0x00000000c0000000, 0x0000000100000000)
  region size 1024K, 0 young (0K), 0 survivors (0K)
 Metaspace       used 59944K, committed 60352K, reserved 1114112K
  class space    used 7488K, committed 7680K, reserved 1048576K
}
Event: 43313.783 GC heap before
{Heap before GC invocations=3823 (full 3630):
 garbage-first heap   total 70656K, used 29281K [0x00000000c0000000, 0x0000000100000000)
  region size 1024K, 1 young (1024K), 0 survivors (0K)
 Metaspace       used 59944K, committed 60352K, reserved 1114112K
  class space    used 7488K, committed 7680K, reserved 1048576K
}
Event: 43313.816 GC heap after
{Heap after GC invocations=3824 (full 3631):
 garbage-first heap   total 70656K, used 29281K [0x00000000c0000000, 0x0000000100000000)
  region size 1024K, 0 young (0K), 0 survivors (0K)
 Metaspace       used 59944K, committed 60352K, reserved 1114112K
  class space    used 7488K, committed 7680K, reserved 1048576K
}
Event: 43324.013 GC heap before
{Heap before GC invocations=3824 (full 3631):
 garbage-first heap   total 70656K, used 29281K [0x00000000c0000000, 0x0000000100000000)
  region size 1024K, 1 young (1024K), 0 survivors (0K)
 Metaspace       used 59944K, committed 60352K, reserved 1114112K
  class space    used 7488K, committed 7680K, reserved 1048576K
}
Event: 43324.054 GC heap after
{Heap after GC invocations=3825 (full 3632):
 garbage-first heap   total 70656K, used 29281K [0x00000000c0000000, 0x0000000100000000)
  region size 1024K, 0 young (0K), 0 survivors (0K)
 Metaspace       used 59944K, committed 60352K, reserved 1114112K
  class space    used 7488K, committed 7680K, reserved 1048576K
}
Event: 43334.265 GC heap before
{Heap before GC invocations=3825 (full 3632):
 garbage-first heap   total 70656K, used 29281K [0x00000000c0000000, 0x0000000100000000)
  region size 1024K, 1 young (1024K), 0 survivors (0K)
 Metaspace       used 59944K, committed 60352K, reserved 1114112K
  class space    used 7488K, committed 7680K, reserved 1048576K
}
Event: 43334.298 GC heap after
{Heap after GC invocations=3826 (full 3633):
 garbage-first heap   total 70656K, used 29281K [0x00000000c0000000, 0x0000000100000000)
  region size 1024K, 0 young (0K), 0 survivors (0K)
 Metaspace       used 59944K, committed 60352K, reserved 1114112K
  class space    used 7488K, committed 7680K, reserved 1048576K
}
Event: 43344.500 GC heap before
{Heap before GC invocations=3826 (full 3633):
 garbage-first heap   total 70656K, used 29281K [0x00000000c0000000, 0x0000000100000000)
  region size 1024K, 1 young (1024K), 0 survivors (0K)
 Metaspace       used 59944K, committed 60352K, reserved 1114112K
  class space    used 7488K, committed 7680K, reserved 1048576K
}
Event: 43344.535 GC heap after
{Heap after GC invocations=3827 (full 3634):
 garbage-first heap   total 70656K, used 29281K [0x00000000c0000000, 0x0000000100000000)
  region size 1024K, 0 young (0K), 0 survivors (0K)
 Metaspace       used 59944K, committed 60352K, reserved 1114112K
  class space    used 7488K, committed 7680K, reserved 1048576K
}
Event: 43354.768 GC heap before
{Heap before GC invocations=3827 (full 3634):
 garbage-first heap   total 70656K, used 29281K [0x00000000c0000000, 0x0000000100000000)
  region size 1024K, 1 young (1024K), 0 survivors (0K)
 Metaspace       used 59944K, committed 60352K, reserved 1114112K
  class space    used 7488K, committed 7680K, reserved 1048576K
}
Event: 43354.803 GC heap after
{Heap after GC invocations=3828 (full 3635):
 garbage-first heap   total 70656K, used 29281K [0x00000000c0000000, 0x0000000100000000)
  region size 1024K, 0 young (0K), 0 survivors (0K)
 Metaspace       used 59944K, committed 60352K, reserved 1114112K
  class space    used 7488K, committed 7680K, reserved 1048576K
}
Event: 43364.996 GC heap before
{Heap before GC invocations=3828 (full 3635):
 garbage-first heap   total 70656K, used 29281K [0x00000000c0000000, 0x0000000100000000)
  region size 1024K, 1 young (1024K), 0 survivors (0K)
 Metaspace       used 59944K, committed 60352K, reserved 1114112K
  class space    used 7488K, committed 7680K, reserved 1048576K
}
Event: 43365.030 GC heap after
{Heap after GC invocations=3829 (full 3636):
 garbage-first heap   total 70656K, used 29281K [0x00000000c0000000, 0x0000000100000000)
  region size 1024K, 0 young (0K), 0 survivors (0K)
 Metaspace       used 59944K, committed 60352K, reserved 1114112K
  class space    used 7488K, committed 7680K, reserved 1048576K
}

