# JRE version: OpenJDK Runtime Environment Temurin-17.0.8.1+1 (17.0.8.1+1) (build 17.0.8.1+1)
# Java VM: OpenJDK 64-Bit Server VM Temurin-17.0.8.1+1 (17.0.8.1+1, mixed mode, emulated-client, tiered, compressed oops, compressed class ptrs, g1 gc, windows-amd64)
GC Precious Log:
 CPUs: 8 total, 8 available
 Memory: 8054M
 Large Page Support: Disabled
 NUMA Support: Disabled
 Compressed Oops: Enabled (32-bit)
 Heap Region Size: 1M
 Heap Min Capacity: 8M
 Heap Initial Capacity: 126M
 Heap Max Capacity: 1G
 Pre-touch: Disabled
 Parallel Workers: 8
 Concurrent Workers: 2
 Concurrent Refinement Workers: 8
 Periodic GC: Disabled
Heap:
 garbage-first heap   total 106496K, used 31134K [0x00000000c0000000, 0x0000000100000000)
  region size 1024K, 1 young (1024K), 0 survivors (0K)
 Metaspace       used 59010K, committed 59456K, reserved 1114112K
  class space    used 7360K, committed 7552K, reserved 1048576K
GC Heap History (20 events):
Event: 1111.510 GC heap before
{Heap before GC invocations=101 (full 51):
 garbage-first heap   total 106496K, used 31134K [0x00000000c0000000, 0x0000000100000000)
  region size 1024K, 1 young (1024K), 0 survivors (0K)
 Metaspace       used 59010K, committed 59456K, reserved 1114112K
  class space    used 7360K, committed 7552K, reserved 1048576K
}
Event: 1111.550 GC heap after
{Heap after GC invocations=102 (full 52):
 garbage-first heap   total 106496K, used 31134K [0x00000000c0000000, 0x0000000100000000)
  region size 1024K, 0 young (0K), 0 survivors (0K)
 Metaspace       used 59010K, committed 59456K, reserved 1114112K
  class space    used 7360K, committed 7552K, reserved 1048576K
}
Event: 1121.718 GC heap before
{Heap before GC invocations=102 (full 52):
 garbage-first heap   total 106496K, used 31134K [0x00000000c0000000, 0x0000000100000000)
  region size 1024K, 1 young (1024K), 0 survivors (0K)
 Metaspace       used 59010K, committed 59456K, reserved 1114112K
  class space    used 7360K, committed 7552K, reserved 1048576K
}
Event: 1121.759 GC heap after
{Heap after GC invocations=103 (full 53):
 garbage-first heap   total 106496K, used 31134K [0x00000000c0000000, 0x0000000100000000)
  region size 1024K, 0 young (0K), 0 survivors (0K)
 Metaspace       used 59010K, committed 59456K, reserved 1114112K
  class space    used 7360K, committed 7552K, reserved 1048576K
}
Event: 1132.067 GC heap before
{Heap before GC invocations=103 (full 53):
 garbage-first heap   total 106496K, used 31134K [0x00000000c0000000, 0x0000000100000000)
  region size 1024K, 1 young (1024K), 0 survivors (0K)
 Metaspace       used 59010K, committed 59456K, reserved 1114112K
  class space    used 7360K, committed 7552K, reserved 1048576K
}
Event: 1132.115 GC heap after
{Heap after GC invocations=104 (full 54):
 garbage-first heap   total 106496K, used 31134K [0x00000000c0000000, 0x0000000100000000)
  region size 1024K, 0 young (0K), 0 survivors (0K)
 Metaspace       used 59010K, committed 59456K, reserved 1114112K
  class space    used 7360K, committed 7552K, reserved 1048576K
}
Event: 1142.675 GC heap before
{Heap before GC invocations=104 (full 54):
 garbage-first heap   total 106496K, used 31134K [0x00000000c0000000, 0x0000000100000000)
  region size 1024K, 1 young (1024K), 0 survivors (0K)
 Metaspace       used 59010K, committed 59456K, reserved 1114112K
  class space    used 7360K, committed 7552K, reserved 1048576K
}
Event: 1142.715 GC heap after
{Heap after GC invocations=105 (full 55):
 garbage-first heap   total 106496K, used 31134K [0x00000000c0000000, 0x0000000100000000)
  region size 1024K, 0 young (0K), 0 survivors (0K)
 Metaspace       used 59010K, committed 59456K, reserved 1114112K
  class space    used 7360K, committed 7552K, reserved 1048576K
}
Event: 1152.893 GC heap before
{Heap before GC invocations=105 (full 55):
 garbage-first heap   total 106496K, used 31134K [0x00000000c0000000, 0x0000000100000000)
  region size 1024K, 1 young (1024K), 0 survivors (0K)
 Metaspace       used 59010K, committed 59456K, reserved 1114112K
  class space    used 7360K, committed 7552K, reserved 1048576K
}
Event: 1152.936 GC heap after
{Heap after GC invocations=106 (full 56):
 garbage-first heap   total 106496K, used 31134K [0x00000000c0000000, 0x0000000100000000)
  region size 1024K, 0 young (0K), 0 survivors (0K)
 Metaspace       used 59010K, committed 59456K, reserved 1114112K
  class space    used 7360K, committed 7552K, reserved 1048576K
}
Event: 1163.115 GC heap before
{Heap before GC invocations=106 (full 56):
 garbage-first heap   total 106496K, used 31134K [0x00000000c0000000, 0x0000000100000000)
  region size 1024K, 1 young (1024K), 0 survivors (0K)
 Metaspace       used 59010K, committed 59456K, reserved 1114112K
  class space    used 7360K, committed 7552K, reserved 1048576K
}
Event: 1163.155 GC heap after
{Heap after GC invocations=107 (full 57):
 garbage-first heap   total 106496K, used 31134K [0x00000000c0000000, 0x0000000100000000)
  region size 1024K, 0 young (0K), 0 survivors (0K)
 Metaspace       used 59010K, committed 59456K, reserved 1114112K
  class space    used 7360K, committed 7552K, reserved 1048576K
}
Event: 1173.354 GC heap before
{Heap before GC invocations=107 (full 57):
 garbage-first heap   total 106496K, used 31134K [0x00000000c0000000, 0x0000000100000000)
  region size 1024K, 1 young (1024K), 0 survivors (0K)
 Metaspace       used 59010K, committed 59456K, reserved 1114112K
  class space    used 7360K, committed 7552K, reserved 1048576K
}
Event: 1173.396 GC heap after
{Heap after GC invocations=108 (full 58):
 garbage-first heap   total 106496K, used 31134K [0x00000000c0000000, 0x0000000100000000)
  region size 1024K, 0 young (0K), 0 survivors (0K)
 Metaspace       used 59010K, committed 59456K, reserved 1114112K
  class space    used 7360K, committed 7552K, reserved 1048576K
}
Event: 1183.588 GC heap before
{Heap before GC invocations=108 (full 58):
 garbage-first heap   total 106496K, used 31134K [0x00000000c0000000, 0x0000000100000000)
  region size 1024K, 1 young (1024K), 0 survivors (0K)
 Metaspace       used 59010K, committed 59456K, reserved 1114112K
  class space    used 7360K, committed 7552K, reserved 1048576K
}
Event: 1183.633 GC heap after
{Heap after GC invocations=109 (full 59):
 garbage-first heap   total 106496K, used 31134K [0x00000000c0000000, 0x0000000100000000)
  region size 1024K, 0 young (0K), 0 survivors (0K)
 Metaspace       used 59010K, committed 59456K, reserved 1114112K
  class space    used 7360K, committed 7552K, reserved 1048576K
}
Event: 1193.863 GC heap before
{Heap before GC invocations=109 (full 59):
 garbage-first heap   total 106496K, used 31134K [0x00000000c0000000, 0x0000000100000000)
  region size 1024K, 1 young (1024K), 0 survivors (0K)
 Metaspace       used 59010K, committed 59456K, reserved 1114112K
  class space    used 7360K, committed 7552K, reserved 1048576K
}
Event: 1193.908 GC heap after
{Heap after GC invocations=110 (full 60):
 garbage-first heap   total 106496K, used 31134K [0x00000000c0000000, 0x0000000100000000)
  region size 1024K, 0 young (0K), 0 survivors (0K)
 Metaspace       used 59010K, committed 59456K, reserved 1114112K
  class space    used 7360K, committed 7552K, reserved 1048576K
}
Event: 1204.405 GC heap before
{Heap before GC invocations=110 (full 60):
 garbage-first heap   total 106496K, used 31134K [0x00000000c0000000, 0x0000000100000000)
  region size 1024K, 1 young (1024K), 0 survivors (0K)
 Metaspace       used 59010K, committed 59456K, reserved 1114112K
  class space    used 7360K, committed 7552K, reserved 1048576K
}
Event: 1204.465 GC heap after
{Heap after GC invocations=111 (full 61):
 garbage-first heap   total 106496K, used 31134K [0x00000000c0000000, 0x0000000100000000)
  region size 1024K, 0 young (0K), 0 survivors (0K)
 Metaspace       used 59010K, committed 59456K, reserved 1114112K
  class space    used 7360K, committed 7552K, reserved 1048576K
}

